<?xml version="1.0" encoding="UTF-8" standalone="yes" ?>
<test-results name="C:\Users\marcos.garcia\Desktop\ProjetGroupCodeCoverageExample\Tests\Win32\Debug\ProjectTest.exe" total="3" errors="0" failures="0" ignored="0" inconclusive="0" not-run="0" skipped="0" invalid="0" date="2023-08-15" time="0.043">
  <culture-info current-culture="en" current-uiculture="en" />
  <test-suite type="Assembly" name="ProjectTest.exe" executed="true" result="Success" success="True" time="0.043" asserts="0">
    <results>
        <test-suite type="Namespace" name="Test" executed="true" result="Success" success="True" time="0.042" asserts="0" >
          <results>
              <test-suite type="Fixture" name="TTestIMCCAlculator" executed="True" result="Success" success="True" time="0.042" >
                <results>
                  <test-case name="Test1.TestA" executed="True" result="Success" success="True" time="0.023" asserts="0" />
                  <test-case name="Test1.TestB" executed="True" result="Success" success="True" time="0.000" asserts="0" />
                  <test-case name="Test1.TestC" executed="True" result="Success" success="True" time="0.000" asserts="0" />
                </results>
              </test-suite>
          </results>
        </test-suite>
    </results>
  </test-suite>
</test-results>
